[35m[Appium][39m Welcome to Appium v1.22.3
[35m[Appium][39m Non-default server args:
[35m[Appium][39m   port: 60939
[35m[Appium][39m   loglevel: info
[35m[Appium][39m   tmpDir: C:\Users\1722\AppData\Local\Temp\\Katalon\Appium\Temp1706167291217
[35m[Appium][39m Appium REST http interface listener started on 0.0.0.0:60939
[35m[HTTP][39m [37m-->[39m [37mGET[39m [37m/wd/hub/status[39m
[35m[HTTP][39m [90m{}[39m
[35m[HTTP][39m [37m<-- GET /wd/hub/status [39m[32m200[39m [90m6 ms - 68[39m
[35m[HTTP][39m [90m[39m
[35m[HTTP][39m [37m-->[39m [37mGET[39m [37m/wd/hub/status[39m
[35m[HTTP][39m [90m{}[39m
[35m[HTTP][39m [37m<-- GET /wd/hub/status [39m[32m200[39m [90m1 ms - 68[39m
[35m[HTTP][39m [90m[39m
[35m[HTTP][39m [37m-->[39m [37mPOST[39m [37m/wd/hub/session[39m
[35m[HTTP][39m [90m{"desiredCapabilities":{"appActivity":".Settings","appPackage":"com.android.settings","newCommandTimeout":1800,"platformVersion":"12","automationName":"uiautomator2","autoGrantPermissions":true,"platformName":"Android","udid":"192.168.202.102:5555","deviceName":"Genymobile Galaxy S8 (Android 12)","systemPort":8208},"capabilities":{"firstMatch":[{"appium:appActivity":".Settings","appium:appPackage":"com.android.settings","appium:autoGrantPermissions":true,"appium:automationName":"uiautomator2","appium:deviceName":"Genymobile Galaxy S8 (Android 12)","appium:newCommandTimeout":1800,"platformName":"android","appium:platformVersion":"12","appium:systemPort":8208,"appium:udid":"192.168.202.102:5555"}]}}[39m
[35m[Appium][39m Appium v1.22.3 creating new AndroidUiautomator2Driver (v1.70.1) session
[35m[BaseDriver][39m Session created with session id: f549691d-b8d6-48e4-99ae-0b6dd9d1d651
[35m[UiAutomator2][39m Starting 'com.android.settings' directly on the device
[35m[ADB][39m Found 1 'build-tools' folders under 'C:\Users\1722\.katalon\tools\android_sdk' (newest first):
[35m[ADB][39m     C:/Users/1722/.katalon/tools/android_sdk/build-tools/29.0.3
[35m[ADB][39m Using 'adb.exe' from 'C:\Users\1722\.katalon\tools\android_sdk\platform-tools\adb.exe'
[35m[AndroidDriver][39m Retrieving device list
[35m[AndroidDriver][39m Using device: 192.168.202.102:5555
[35m[ADB][39m Using 'adb.exe' from 'C:\Users\1722\.katalon\tools\android_sdk\platform-tools\adb.exe'
[35m[ADB][39m Getting device platform version
[35m[UiAutomator2][39m Relaxing hidden api policy
[35m[AndroidDriver][39m No app sent in, not parsing package/activity
[35m[ADB][39m Using 'apksigner.jar' from 'C:\Users\1722\.katalon\tools\android_sdk\build-tools\29.0.3\lib\apksigner.jar'
[35m[ADB][39m 'C:\Users\1722\AppData\Roaming\npm\node_modules\appium\node_modules\appium-uiautomator2-server\apks\appium-uiautomator2-server-v4.27.0.apk' is signed with the default certificate
[35m[ADB][39m 'C:\Users\1722\AppData\Roaming\npm\node_modules\appium\node_modules\appium-uiautomator2-server\apks\appium-uiautomator2-server-debug-androidTest.apk' is signed with the default certificate
[35m[UiAutomator2][39m Server packages are not going to be (re)installed
[35m[ADB][39m Adding packages ["io.appium.settings","io.appium.uiautomator2.server","io.appium.uiautomator2.server.test"] to Doze whitelist
[35m[UiAutomator2][39m Starting UIAutomator2 server 4.27.0
[35m[UiAutomator2][39m Using UIAutomator2 server from 'C:\Users\1722\AppData\Roaming\npm\node_modules\appium\node_modules\appium-uiautomator2-server\apks\appium-uiautomator2-server-v4.27.0.apk' and test from 'C:\Users\1722\AppData\Roaming\npm\node_modules\appium\node_modules\appium-uiautomator2-server\apks\appium-uiautomator2-server-debug-androidTest.apk'
[35m[UiAutomator2][39m Waiting up to 30000ms for UiAutomator2 to be online...
[35m[WD Proxy][39m socket hang up
[35m[WD Proxy][39m socket hang up
[35m[WD Proxy][39m Determined the downstream protocol as 'W3C'
[35m[AndroidDriver][39m Screen already unlocked, doing nothing
[35m[UiAutomator2][39m Starting 'com.android.settings/.Settings and waiting for 'com.android.settings/.Settings'
[35m[Appium][39m New AndroidUiautomator2Driver session created successfully, session f549691d-b8d6-48e4-99ae-0b6dd9d1d651 added to master session list
[35m[HTTP][39m [37m<-- POST /wd/hub/session [39m[32m200[39m [90m8436 ms - 1125[39m
[35m[HTTP][39m [90m[39m
[35m[HTTP][39m [37m-->[39m [37mGET[39m [37m/wd/hub/session/f549691d-b8d6-48e4-99ae-0b6dd9d1d651[39m
[35m[HTTP][39m [90m{}[39m
[35m[HTTP][39m [37m<-- GET /wd/hub/session/f549691d-b8d6-48e4-99ae-0b6dd9d1d651 [39m[32m200[39m [90m51 ms - 1079[39m
[35m[HTTP][39m [90m[39m
[35m[HTTP][39m [37m-->[39m [37mGET[39m [37m/wd/hub/session/f549691d-b8d6-48e4-99ae-0b6dd9d1d651[39m
[35m[HTTP][39m [90m{}[39m
[35m[HTTP][39m [37m<-- GET /wd/hub/session/f549691d-b8d6-48e4-99ae-0b6dd9d1d651 [39m[32m200[39m [90m33 ms - 1079[39m
[35m[HTTP][39m [90m[39m
[35m[HTTP][39m [37m-->[39m [37mGET[39m [37m/wd/hub/status[39m
[35m[HTTP][39m [90m{}[39m
[35m[HTTP][39m [37m<-- GET /wd/hub/status [39m[32m200[39m [90m2 ms - 68[39m
[35m[HTTP][39m [90m[39m
[35m[HTTP][39m [37m-->[39m [37mPOST[39m [37m/wd/hub/session/f549691d-b8d6-48e4-99ae-0b6dd9d1d651/timeouts[39m
[35m[HTTP][39m [90m{"implicit":60000}[39m
[35m[HTTP][39m [37m<-- POST /wd/hub/session/f549691d-b8d6-48e4-99ae-0b6dd9d1d651/timeouts [39m[32m200[39m [90m6 ms - 14[39m
[35m[HTTP][39m [90m[39m
[35m[HTTP][39m [37m-->[39m [37mGET[39m [37m/wd/hub/session/f549691d-b8d6-48e4-99ae-0b6dd9d1d651/appium/device/system_bars[39m
[35m[HTTP][39m [90m{}[39m
[35m[HTTP][39m [37m<-- GET /wd/hub/session/f549691d-b8d6-48e4-99ae-0b6dd9d1d651/appium/device/system_bars [39m[32m200[39m [90m77 ms - 145[39m
[35m[HTTP][39m [90m[39m
[35m[HTTP][39m [37m-->[39m [37mPOST[39m [37m/wd/hub/session/f549691d-b8d6-48e4-99ae-0b6dd9d1d651/execute/sync[39m
[35m[HTTP][39m [90m{"script":"mobile:viewportRect","args":[]}[39m
[35m[AndroidDriver][39m Executing native command 'mobile:viewportRect'
[35m[HTTP][39m [37m<-- POST /wd/hub/session/f549691d-b8d6-48e4-99ae-0b6dd9d1d651/execute/sync [39m[32m200[39m [90m22 ms - 56[39m
[35m[HTTP][39m [90m[39m
[35m[HTTP][39m [37m-->[39m [37mPOST[39m [37m/wd/hub/session/f549691d-b8d6-48e4-99ae-0b6dd9d1d651/appium/device/activate_app[39m
[35m[HTTP][39m [90m{"bundleId":"id.indocyber.kaf.mma"}[39m
[35m[HTTP][39m [37m<-- POST /wd/hub/session/f549691d-b8d6-48e4-99ae-0b6dd9d1d651/appium/device/activate_app [39m[32m200[39m [90m672 ms - 14[39m
[35m[HTTP][39m [90m[39m
[35m[HTTP][39m [37m-->[39m [37mGET[39m [37m/wd/hub/session/f549691d-b8d6-48e4-99ae-0b6dd9d1d651/source[39m
[35m[HTTP][39m [90m{}[39m
[35m[W3C (f549691d)][39m Driver proxy active, passing request on via HTTP proxy
[35m[WD Proxy][39m Replacing sessionId b3bc0a1b-c666-4da8-87d6-6e2d260db125 with f549691d-b8d6-48e4-99ae-0b6dd9d1d651
[35m[HTTP][39m [37m<-- GET /wd/hub/session/f549691d-b8d6-48e4-99ae-0b6dd9d1d651/source [39m[32m200[39m [90m97 ms - 8672[39m
[35m[HTTP][39m [90m[39m
[35m[HTTP][39m [37m-->[39m [37mGET[39m [37m/wd/hub/session/f549691d-b8d6-48e4-99ae-0b6dd9d1d651/screenshot[39m
[35m[HTTP][39m [90m{}[39m
[35m[HTTP][39m [37m<-- GET /wd/hub/session/f549691d-b8d6-48e4-99ae-0b6dd9d1d651/screenshot [39m[32m200[39m [90m2064 ms - 3851826[39m
[35m[HTTP][39m [90m[39m
[35m[HTTP][39m [37m-->[39m [37mPOST[39m [37m/wd/hub/session/f549691d-b8d6-48e4-99ae-0b6dd9d1d651/elements[39m
[35m[HTTP][39m [90m{"using":"xpath","value":"//*[@class = 'android.widget.EditText' and @resource-id = '' and (@text = '' or . = '')]"}[39m
[35m[HTTP][39m [37m<-- POST /wd/hub/session/f549691d-b8d6-48e4-99ae-0b6dd9d1d651/elements [39m[32m200[39m [90m308 ms - 267[39m
[35m[HTTP][39m [90m[39m
[35m[HTTP][39m [37m-->[39m [37mPOST[39m [37m/wd/hub/session/f549691d-b8d6-48e4-99ae-0b6dd9d1d651/elements[39m
[35m[HTTP][39m [90m{"using":"-android uiautomator","value":"new UiSelector().className(\"android.widget.EditText\").resourceId(\"\")"}[39m
[35m[HTTP][39m [37m<-- POST /wd/hub/session/f549691d-b8d6-48e4-99ae-0b6dd9d1d651/elements [39m[32m200[39m [90m63 ms - 267[39m
[35m[HTTP][39m [90m[39m
[35m[HTTP][39m [37m-->[39m [37mGET[39m [37m/wd/hub/session/f549691d-b8d6-48e4-99ae-0b6dd9d1d651/window/rect[39m
[35m[HTTP][39m [90m{}[39m
[35m[HTTP][39m [37m<-- GET /wd/hub/session/f549691d-b8d6-48e4-99ae-0b6dd9d1d651/window/rect [39m[32m200[39m [90m16 ms - 50[39m
[35m[HTTP][39m [90m[39m
[35m[HTTP][39m [37m-->[39m [37mPOST[39m [37m/wd/hub/session/f549691d-b8d6-48e4-99ae-0b6dd9d1d651/elements[39m
[35m[HTTP][39m [90m{"using":"xpath","value":"//hierarchy/android.widget.FrameLayout[1]/android.widget.LinearLayout[1]/android.widget.FrameLayout[1]/android.widget.FrameLayout[1]/android.view.View[1]/android.view.View[1]/android.view.View[1]/android.view.View[1]/android.widget.ScrollView[1]/android.widget.EditText[1]"}[39m
[35m[HTTP][39m [37m<-- POST /wd/hub/session/f549691d-b8d6-48e4-99ae-0b6dd9d1d651/elements [39m[32m200[39m [90m66 ms - 139[39m
[35m[HTTP][39m [90m[39m
[35m[HTTP][39m [37m-->[39m [37mGET[39m [37m/wd/hub/session/f549691d-b8d6-48e4-99ae-0b6dd9d1d651/element/00000000-0000-0067-0000-001b00000003/location[39m
[35m[HTTP][39m [90m{}[39m
[35m[W3C (f549691d)][39m Driver proxy active, passing request on via HTTP proxy
[35m[WD Proxy][39m Replacing sessionId b3bc0a1b-c666-4da8-87d6-6e2d260db125 with f549691d-b8d6-48e4-99ae-0b6dd9d1d651
[35m[HTTP][39m [37m<-- GET /wd/hub/session/f549691d-b8d6-48e4-99ae-0b6dd9d1d651/element/00000000-0000-0067-0000-001b00000003/location [39m[32m200[39m [90m20 ms - 78[39m
[35m[HTTP][39m [90m[39m
[35m[HTTP][39m [37m-->[39m [37mPOST[39m [37m/wd/hub/session/f549691d-b8d6-48e4-99ae-0b6dd9d1d651/element/00000000-0000-0067-0000-001b00000003/click[39m
[35m[HTTP][39m [90m{"id":"00000000-0000-0067-0000-001b00000003"}[39m
[35m[HTTP][39m [37m<-- POST /wd/hub/session/f549691d-b8d6-48e4-99ae-0b6dd9d1d651/element/00000000-0000-0067-0000-001b00000003/click [39m[32m200[39m [90m65 ms - 14[39m
[35m[HTTP][39m [90m[39m
[35m[HTTP][39m [37m-->[39m [37mGET[39m [37m/wd/hub/session/f549691d-b8d6-48e4-99ae-0b6dd9d1d651/source[39m
[35m[HTTP][39m [90m{}[39m
[35m[W3C (f549691d)][39m Driver proxy active, passing request on via HTTP proxy
[35m[WD Proxy][39m Replacing sessionId b3bc0a1b-c666-4da8-87d6-6e2d260db125 with f549691d-b8d6-48e4-99ae-0b6dd9d1d651
[35m[HTTP][39m [37m<-- GET /wd/hub/session/f549691d-b8d6-48e4-99ae-0b6dd9d1d651/source [39m[32m200[39m [90m1039 ms - 7394[39m
[35m[HTTP][39m [90m[39m
[35m[HTTP][39m [37m-->[39m [37mGET[39m [37m/wd/hub/session/f549691d-b8d6-48e4-99ae-0b6dd9d1d651/screenshot[39m
[35m[HTTP][39m [90m{}[39m
[35m[HTTP][39m [37m<-- GET /wd/hub/session/f549691d-b8d6-48e4-99ae-0b6dd9d1d651/screenshot [39m[32m200[39m [90m1632 ms - 3561008[39m
[35m[HTTP][39m [90m[39m
[35m[HTTP][39m [37m-->[39m [37mGET[39m [37m/wd/hub/session/f549691d-b8d6-48e4-99ae-0b6dd9d1d651/window/rect[39m
[35m[HTTP][39m [90m{}[39m
[35m[HTTP][39m [37m<-- GET /wd/hub/session/f549691d-b8d6-48e4-99ae-0b6dd9d1d651/window/rect [39m[32m200[39m [90m62 ms - 50[39m
[35m[HTTP][39m [90m[39m
[35m[HTTP][39m [37m-->[39m [37mPOST[39m [37m/wd/hub/session/f549691d-b8d6-48e4-99ae-0b6dd9d1d651/elements[39m
[35m[HTTP][39m [90m{"using":"xpath","value":"//hierarchy/android.widget.FrameLayout[1]/android.widget.LinearLayout[1]/android.widget.FrameLayout[1]/android.widget.FrameLayout[1]/android.view.View[1]/android.view.View[1]/android.view.View[1]/android.view.View[1]/android.widget.ScrollView[1]/android.widget.EditText[1]"}[39m
[35m[HTTP][39m [37m<-- POST /wd/hub/session/f549691d-b8d6-48e4-99ae-0b6dd9d1d651/elements [39m[32m200[39m [90m78 ms - 139[39m
[35m[HTTP][39m [90m[39m
[35m[HTTP][39m [37m-->[39m [37mGET[39m [37m/wd/hub/session/f549691d-b8d6-48e4-99ae-0b6dd9d1d651/element/00000000-0000-0067-0000-001b00000003/location[39m
[35m[HTTP][39m [90m{}[39m
[35m[W3C (f549691d)][39m Driver proxy active, passing request on via HTTP proxy
[35m[WD Proxy][39m Replacing sessionId b3bc0a1b-c666-4da8-87d6-6e2d260db125 with f549691d-b8d6-48e4-99ae-0b6dd9d1d651
[35m[HTTP][39m [37m<-- GET /wd/hub/session/f549691d-b8d6-48e4-99ae-0b6dd9d1d651/element/00000000-0000-0067-0000-001b00000003/location [39m[32m200[39m [90m26 ms - 78[39m
[35m[HTTP][39m [90m[39m
[35m[HTTP][39m [37m-->[39m [37mPOST[39m [37m/wd/hub/session/f549691d-b8d6-48e4-99ae-0b6dd9d1d651/element/00000000-0000-0067-0000-001b00000003/clear[39m
[35m[HTTP][39m [90m{"id":"00000000-0000-0067-0000-001b00000003"}[39m
[35m[HTTP][39m [37m<-- POST /wd/hub/session/f549691d-b8d6-48e4-99ae-0b6dd9d1d651/element/00000000-0000-0067-0000-001b00000003/clear [39m[32m200[39m [90m27 ms - 14[39m
[35m[HTTP][39m [90m[39m
[35m[HTTP][39m [37m-->[39m [37mPOST[39m [37m/wd/hub/session/f549691d-b8d6-48e4-99ae-0b6dd9d1d651/element/00000000-0000-0067-0000-001b00000003/click[39m
[35m[HTTP][39m [90m{"id":"00000000-0000-0067-0000-001b00000003"}[39m
[35m[HTTP][39m [37m<-- POST /wd/hub/session/f549691d-b8d6-48e4-99ae-0b6dd9d1d651/element/00000000-0000-0067-0000-001b00000003/click [39m[32m200[39m [90m48 ms - 14[39m
[35m[HTTP][39m [90m[39m
[35m[HTTP][39m [37m-->[39m [37mPOST[39m [37m/wd/hub/session/f549691d-b8d6-48e4-99ae-0b6dd9d1d651/element/00000000-0000-0067-0000-001b00000003/value[39m
[35m[HTTP][39m [90m{"id":"00000000-0000-0067-0000-001b00000003","text":"receptionist@kaf.co.id","value":["r","e","c","e","p","t","i","o","n","i","s","t","@","k","a","f",".","c","o",".","i","d"]}[39m
[35m[HTTP][39m [37m<-- POST /wd/hub/session/f549691d-b8d6-48e4-99ae-0b6dd9d1d651/element/00000000-0000-0067-0000-001b00000003/value [39m[32m200[39m [90m44 ms - 14[39m
[35m[HTTP][39m [90m[39m
[35m[HTTP][39m [37m-->[39m [37mGET[39m [37m/wd/hub/session/f549691d-b8d6-48e4-99ae-0b6dd9d1d651/source[39m
[35m[HTTP][39m [90m{}[39m
[35m[W3C (f549691d)][39m Driver proxy active, passing request on via HTTP proxy
[35m[WD Proxy][39m Replacing sessionId b3bc0a1b-c666-4da8-87d6-6e2d260db125 with f549691d-b8d6-48e4-99ae-0b6dd9d1d651
[35m[HTTP][39m [37m<-- GET /wd/hub/session/f549691d-b8d6-48e4-99ae-0b6dd9d1d651/source [39m[32m200[39m [90m568 ms - 7416[39m
[35m[HTTP][39m [90m[39m
[35m[HTTP][39m [37m-->[39m [37mGET[39m [37m/wd/hub/session/f549691d-b8d6-48e4-99ae-0b6dd9d1d651/screenshot[39m
[35m[HTTP][39m [90m{}[39m
[35m[HTTP][39m [37m<-- GET /wd/hub/session/f549691d-b8d6-48e4-99ae-0b6dd9d1d651/screenshot [39m[32m200[39m [90m1665 ms - 3582032[39m
[35m[HTTP][39m [90m[39m
[35m[HTTP][39m [37m-->[39m [37mGET[39m [37m/wd/hub/session/f549691d-b8d6-48e4-99ae-0b6dd9d1d651/context[39m
[35m[HTTP][39m [90m{}[39m
[35m[HTTP][39m [37m<-- GET /wd/hub/session/f549691d-b8d6-48e4-99ae-0b6dd9d1d651/context [39m[32m200[39m [90m4 ms - 22[39m
[35m[HTTP][39m [90m[39m
[35m[HTTP][39m [37m-->[39m [37mGET[39m [37m/wd/hub/session/f549691d-b8d6-48e4-99ae-0b6dd9d1d651/contexts[39m
[35m[HTTP][39m [90m{}[39m
[35m[HTTP][39m [37m<-- GET /wd/hub/session/f549691d-b8d6-48e4-99ae-0b6dd9d1d651/contexts [39m[32m200[39m [90m270 ms - 24[39m
[35m[HTTP][39m [90m[39m
[35m[HTTP][39m [37m-->[39m [37mPOST[39m [37m/wd/hub/session/f549691d-b8d6-48e4-99ae-0b6dd9d1d651/context[39m
[35m[HTTP][39m [90m{"name":"NATIVE_APP"}[39m
[35m[HTTP][39m [37m<-- POST /wd/hub/session/f549691d-b8d6-48e4-99ae-0b6dd9d1d651/context [39m[32m200[39m [90m1 ms - 14[39m
[35m[HTTP][39m [90m[39m
[35m[HTTP][39m [37m-->[39m [37mPOST[39m [37m/wd/hub/session/f549691d-b8d6-48e4-99ae-0b6dd9d1d651/appium/device/hide_keyboard[39m
[35m[HTTP][39m [90m{}[39m
[35m[HTTP][39m [37m<-- POST /wd/hub/session/f549691d-b8d6-48e4-99ae-0b6dd9d1d651/appium/device/hide_keyboard [39m[32m200[39m [90m1408 ms - 14[39m
[35m[HTTP][39m [90m[39m
[35m[HTTP][39m [37m-->[39m [37mPOST[39m [37m/wd/hub/session/f549691d-b8d6-48e4-99ae-0b6dd9d1d651/context[39m
[35m[HTTP][39m [90m{"name":"NATIVE_APP"}[39m
[35m[HTTP][39m [37m<-- POST /wd/hub/session/f549691d-b8d6-48e4-99ae-0b6dd9d1d651/context [39m[32m200[39m [90m6 ms - 14[39m
[35m[HTTP][39m [90m[39m
[35m[HTTP][39m [37m-->[39m [37mGET[39m [37m/wd/hub/session/f549691d-b8d6-48e4-99ae-0b6dd9d1d651/source[39m
[35m[HTTP][39m [90m{}[39m
[35m[W3C (f549691d)][39m Driver proxy active, passing request on via HTTP proxy
[35m[WD Proxy][39m Replacing sessionId b3bc0a1b-c666-4da8-87d6-6e2d260db125 with f549691d-b8d6-48e4-99ae-0b6dd9d1d651
[35m[HTTP][39m [37m<-- GET /wd/hub/session/f549691d-b8d6-48e4-99ae-0b6dd9d1d651/source [39m[32m200[39m [90m200 ms - 9116[39m
[35m[HTTP][39m [90m[39m
[35m[HTTP][39m [37m-->[39m [37mGET[39m [37m/wd/hub/session/f549691d-b8d6-48e4-99ae-0b6dd9d1d651/screenshot[39m
[35m[HTTP][39m [90m{}[39m
[35m[HTTP][39m [37m<-- GET /wd/hub/session/f549691d-b8d6-48e4-99ae-0b6dd9d1d651/screenshot [39m[32m200[39m [90m1591 ms - 3520354[39m
[35m[HTTP][39m [90m[39m
[35m[HTTP][39m [37m-->[39m [37mPOST[39m [37m/wd/hub/session/f549691d-b8d6-48e4-99ae-0b6dd9d1d651/elements[39m
[35m[HTTP][39m [90m{"using":"xpath","value":"//*[@class = 'android.widget.EditText' and @resource-id = '' and (@text = '' or . = '')]"}[39m
[35m[HTTP][39m [37m<-- POST /wd/hub/session/f549691d-b8d6-48e4-99ae-0b6dd9d1d651/elements [39m[32m200[39m [90m92 ms - 267[39m
[35m[HTTP][39m [90m[39m
[35m[HTTP][39m [37m-->[39m [37mPOST[39m [37m/wd/hub/session/f549691d-b8d6-48e4-99ae-0b6dd9d1d651/elements[39m
[35m[HTTP][39m [90m{"using":"-android uiautomator","value":"new UiSelector().className(\"android.widget.EditText\").resourceId(\"\")"}[39m
[35m[HTTP][39m [37m<-- POST /wd/hub/session/f549691d-b8d6-48e4-99ae-0b6dd9d1d651/elements [39m[32m200[39m [90m61 ms - 267[39m
[35m[HTTP][39m [90m[39m
[35m[HTTP][39m [37m-->[39m [37mGET[39m [37m/wd/hub/session/f549691d-b8d6-48e4-99ae-0b6dd9d1d651/window/rect[39m
[35m[HTTP][39m [90m{}[39m
[35m[HTTP][39m [37m<-- GET /wd/hub/session/f549691d-b8d6-48e4-99ae-0b6dd9d1d651/window/rect [39m[32m200[39m [90m17 ms - 50[39m
[35m[HTTP][39m [90m[39m
[35m[HTTP][39m [37m-->[39m [37mPOST[39m [37m/wd/hub/session/f549691d-b8d6-48e4-99ae-0b6dd9d1d651/elements[39m
[35m[HTTP][39m [90m{"using":"xpath","value":"//hierarchy/android.widget.FrameLayout[1]/android.widget.LinearLayout[1]/android.widget.FrameLayout[1]/android.widget.FrameLayout[1]/android.view.View[1]/android.view.View[1]/android.view.View[1]/android.view.View[1]/android.widget.ScrollView[1]/android.widget.EditText[2]"}[39m
[35m[HTTP][39m [37m<-- POST /wd/hub/session/f549691d-b8d6-48e4-99ae-0b6dd9d1d651/elements [39m[32m200[39m [90m75 ms - 139[39m
[35m[HTTP][39m [90m[39m
[35m[HTTP][39m [37m-->[39m [37mGET[39m [37m/wd/hub/session/f549691d-b8d6-48e4-99ae-0b6dd9d1d651/element/00000000-0000-0067-0000-001d00000003/location[39m
[35m[HTTP][39m [90m{}[39m
[35m[W3C (f549691d)][39m Driver proxy active, passing request on via HTTP proxy
[35m[WD Proxy][39m Replacing sessionId b3bc0a1b-c666-4da8-87d6-6e2d260db125 with f549691d-b8d6-48e4-99ae-0b6dd9d1d651
[35m[HTTP][39m [37m<-- GET /wd/hub/session/f549691d-b8d6-48e4-99ae-0b6dd9d1d651/element/00000000-0000-0067-0000-001d00000003/location [39m[32m200[39m [90m24 ms - 78[39m
[35m[HTTP][39m [90m[39m
[35m[HTTP][39m [37m-->[39m [37mPOST[39m [37m/wd/hub/session/f549691d-b8d6-48e4-99ae-0b6dd9d1d651/element/00000000-0000-0067-0000-001d00000003/click[39m
[35m[HTTP][39m [90m{"id":"00000000-0000-0067-0000-001d00000003"}[39m
[35m[HTTP][39m [37m<-- POST /wd/hub/session/f549691d-b8d6-48e4-99ae-0b6dd9d1d651/element/00000000-0000-0067-0000-001d00000003/click [39m[32m200[39m [90m62 ms - 14[39m
[35m[HTTP][39m [90m[39m
[35m[HTTP][39m [37m-->[39m [37mGET[39m [37m/wd/hub/session/f549691d-b8d6-48e4-99ae-0b6dd9d1d651/source[39m
[35m[HTTP][39m [90m{}[39m
[35m[W3C (f549691d)][39m Driver proxy active, passing request on via HTTP proxy
[35m[WD Proxy][39m Replacing sessionId b3bc0a1b-c666-4da8-87d6-6e2d260db125 with f549691d-b8d6-48e4-99ae-0b6dd9d1d651
[35m[HTTP][39m [37m<-- GET /wd/hub/session/f549691d-b8d6-48e4-99ae-0b6dd9d1d651/source [39m[32m200[39m [90m912 ms - 8269[39m
[35m[HTTP][39m [90m[39m
[35m[HTTP][39m [37m-->[39m [37mGET[39m [37m/wd/hub/session/f549691d-b8d6-48e4-99ae-0b6dd9d1d651/screenshot[39m
[35m[HTTP][39m [90m{}[39m
[35m[HTTP][39m [37m<-- GET /wd/hub/session/f549691d-b8d6-48e4-99ae-0b6dd9d1d651/screenshot [39m[32m200[39m [90m1509 ms - 3304898[39m
[35m[HTTP][39m [90m[39m
[35m[HTTP][39m [37m-->[39m [37mGET[39m [37m/wd/hub/session/f549691d-b8d6-48e4-99ae-0b6dd9d1d651/window/rect[39m
[35m[HTTP][39m [90m{}[39m
[35m[HTTP][39m [37m<-- GET /wd/hub/session/f549691d-b8d6-48e4-99ae-0b6dd9d1d651/window/rect [39m[32m200[39m [90m44 ms - 50[39m
[35m[HTTP][39m [90m[39m
[35m[HTTP][39m [37m-->[39m [37mPOST[39m [37m/wd/hub/session/f549691d-b8d6-48e4-99ae-0b6dd9d1d651/elements[39m
[35m[HTTP][39m [90m{"using":"xpath","value":"//hierarchy/android.widget.FrameLayout[1]/android.widget.LinearLayout[1]/android.widget.FrameLayout[1]/android.widget.FrameLayout[1]/android.view.View[1]/android.view.View[1]/android.view.View[1]/android.view.View[1]/android.widget.ScrollView[1]/android.widget.EditText[2]"}[39m
[35m[HTTP][39m [37m<-- POST /wd/hub/session/f549691d-b8d6-48e4-99ae-0b6dd9d1d651/elements [39m[32m200[39m [90m80 ms - 139[39m
[35m[HTTP][39m [90m[39m
[35m[HTTP][39m [37m-->[39m [37mGET[39m [37m/wd/hub/session/f549691d-b8d6-48e4-99ae-0b6dd9d1d651/element/00000000-0000-0067-0000-001d00000003/location[39m
[35m[HTTP][39m [90m{}[39m
[35m[W3C (f549691d)][39m Driver proxy active, passing request on via HTTP proxy
[35m[WD Proxy][39m Replacing sessionId b3bc0a1b-c666-4da8-87d6-6e2d260db125 with f549691d-b8d6-48e4-99ae-0b6dd9d1d651
[35m[HTTP][39m [37m<-- GET /wd/hub/session/f549691d-b8d6-48e4-99ae-0b6dd9d1d651/element/00000000-0000-0067-0000-001d00000003/location [39m[32m200[39m [90m22 ms - 78[39m
[35m[HTTP][39m [90m[39m
[35m[HTTP][39m [37m-->[39m [37mPOST[39m [37m/wd/hub/session/f549691d-b8d6-48e4-99ae-0b6dd9d1d651/element/00000000-0000-0067-0000-001d00000003/clear[39m
[35m[HTTP][39m [90m{"id":"00000000-0000-0067-0000-001d00000003"}[39m
[35m[HTTP][39m [37m<-- POST /wd/hub/session/f549691d-b8d6-48e4-99ae-0b6dd9d1d651/element/00000000-0000-0067-0000-001d00000003/clear [39m[32m200[39m [90m16 ms - 14[39m
[35m[HTTP][39m [90m[39m
[35m[HTTP][39m [37m-->[39m [37mPOST[39m [37m/wd/hub/session/f549691d-b8d6-48e4-99ae-0b6dd9d1d651/element/00000000-0000-0067-0000-001d00000003/click[39m
[35m[HTTP][39m [90m{"id":"00000000-0000-0067-0000-001d00000003"}[39m
[35m[HTTP][39m [37m<-- POST /wd/hub/session/f549691d-b8d6-48e4-99ae-0b6dd9d1d651/element/00000000-0000-0067-0000-001d00000003/click [39m[32m200[39m [90m66 ms - 14[39m
[35m[HTTP][39m [90m[39m
[35m[HTTP][39m [37m-->[39m [37mPOST[39m [37m/wd/hub/session/f549691d-b8d6-48e4-99ae-0b6dd9d1d651/element/00000000-0000-0067-0000-001d00000003/value[39m
[35m[HTTP][39m [90m{"id":"00000000-0000-0067-0000-001d00000003","text":"R3cept!#888","value":["R","3","c","e","p","t","!","#","8","8","8"]}[39m
[35m[HTTP][39m [37m<-- POST /wd/hub/session/f549691d-b8d6-48e4-99ae-0b6dd9d1d651/element/00000000-0000-0067-0000-001d00000003/value [39m[32m200[39m [90m26 ms - 14[39m
[35m[HTTP][39m [90m[39m
[35m[HTTP][39m [37m-->[39m [37mGET[39m [37m/wd/hub/session/f549691d-b8d6-48e4-99ae-0b6dd9d1d651/source[39m
[35m[HTTP][39m [90m{}[39m
[35m[W3C (f549691d)][39m Driver proxy active, passing request on via HTTP proxy
[35m[WD Proxy][39m Replacing sessionId b3bc0a1b-c666-4da8-87d6-6e2d260db125 with f549691d-b8d6-48e4-99ae-0b6dd9d1d651
[35m[HTTP][39m [37m<-- GET /wd/hub/session/f549691d-b8d6-48e4-99ae-0b6dd9d1d651/source [39m[32m200[39m [90m40 ms - 8302[39m
[35m[HTTP][39m [90m[39m
[35m[HTTP][39m [37m-->[39m [37mGET[39m [37m/wd/hub/session/f549691d-b8d6-48e4-99ae-0b6dd9d1d651/screenshot[39m
[35m[HTTP][39m [90m{}[39m
[35m[HTTP][39m [37m<-- GET /wd/hub/session/f549691d-b8d6-48e4-99ae-0b6dd9d1d651/screenshot [39m[32m200[39m [90m1593 ms - 3306290[39m
[35m[HTTP][39m [90m[39m
[35m[HTTP][39m [37m-->[39m [37mGET[39m [37m/wd/hub/session/f549691d-b8d6-48e4-99ae-0b6dd9d1d651/context[39m
[35m[HTTP][39m [90m{}[39m
[35m[HTTP][39m [37m<-- GET /wd/hub/session/f549691d-b8d6-48e4-99ae-0b6dd9d1d651/context [39m[32m200[39m [90m3 ms - 22[39m
[35m[HTTP][39m [90m[39m
[35m[HTTP][39m [37m-->[39m [37mGET[39m [37m/wd/hub/session/f549691d-b8d6-48e4-99ae-0b6dd9d1d651/contexts[39m
[35m[HTTP][39m [90m{}[39m
[35m[HTTP][39m [37m<-- GET /wd/hub/session/f549691d-b8d6-48e4-99ae-0b6dd9d1d651/contexts [39m[32m200[39m [90m199 ms - 24[39m
[35m[HTTP][39m [90m[39m
[35m[HTTP][39m [37m-->[39m [37mPOST[39m [37m/wd/hub/session/f549691d-b8d6-48e4-99ae-0b6dd9d1d651/context[39m
[35m[HTTP][39m [90m{"name":"NATIVE_APP"}[39m
[35m[HTTP][39m [37m<-- POST /wd/hub/session/f549691d-b8d6-48e4-99ae-0b6dd9d1d651/context [39m[32m200[39m [90m1 ms - 14[39m
[35m[HTTP][39m [90m[39m
[35m[HTTP][39m [37m-->[39m [37mPOST[39m [37m/wd/hub/session/f549691d-b8d6-48e4-99ae-0b6dd9d1d651/appium/device/hide_keyboard[39m
[35m[HTTP][39m [90m{}[39m
[35m[HTTP][39m [37m<-- POST /wd/hub/session/f549691d-b8d6-48e4-99ae-0b6dd9d1d651/appium/device/hide_keyboard [39m[32m200[39m [90m1339 ms - 14[39m
[35m[HTTP][39m [90m[39m
[35m[HTTP][39m [37m-->[39m [37mPOST[39m [37m/wd/hub/session/f549691d-b8d6-48e4-99ae-0b6dd9d1d651/context[39m
[35m[HTTP][39m [90m{"name":"NATIVE_APP"}[39m
[35m[HTTP][39m [37m<-- POST /wd/hub/session/f549691d-b8d6-48e4-99ae-0b6dd9d1d651/context [39m[32m200[39m [90m3 ms - 14[39m
[35m[HTTP][39m [90m[39m
[35m[HTTP][39m [37m-->[39m [37mGET[39m [37m/wd/hub/session/f549691d-b8d6-48e4-99ae-0b6dd9d1d651/source[39m
[35m[HTTP][39m [90m{}[39m
[35m[W3C (f549691d)][39m Driver proxy active, passing request on via HTTP proxy
[35m[WD Proxy][39m Replacing sessionId b3bc0a1b-c666-4da8-87d6-6e2d260db125 with f549691d-b8d6-48e4-99ae-0b6dd9d1d651
[35m[HTTP][39m [37m<-- GET /wd/hub/session/f549691d-b8d6-48e4-99ae-0b6dd9d1d651/source [39m[32m200[39m [90m597 ms - 9149[39m
[35m[HTTP][39m [90m[39m
[35m[HTTP][39m [37m-->[39m [37mGET[39m [37m/wd/hub/session/f549691d-b8d6-48e4-99ae-0b6dd9d1d651/screenshot[39m
[35m[HTTP][39m [90m{}[39m
[35m[HTTP][39m [37m<-- GET /wd/hub/session/f549691d-b8d6-48e4-99ae-0b6dd9d1d651/screenshot [39m[32m200[39m [90m1696 ms - 3483882[39m
[35m[HTTP][39m [90m[39m
[35m[HTTP][39m [37m-->[39m [37mPOST[39m [37m/wd/hub/session/f549691d-b8d6-48e4-99ae-0b6dd9d1d651/elements[39m
[35m[HTTP][39m [90m{"using":"xpath","value":"//*[@class = 'android.widget.Button' and @resource-id = '' and (@text = '' or . = '')]"}[39m
[35m[HTTP][39m [37m<-- POST /wd/hub/session/f549691d-b8d6-48e4-99ae-0b6dd9d1d651/elements [39m[32m200[39m [90m131 ms - 267[39m
[35m[HTTP][39m [90m[39m
[35m[HTTP][39m [37m-->[39m [37mPOST[39m [37m/wd/hub/session/f549691d-b8d6-48e4-99ae-0b6dd9d1d651/elements[39m
[35m[HTTP][39m [90m{"using":"accessibility id","value":"Log In"}[39m
[35m[HTTP][39m [37m<-- POST /wd/hub/session/f549691d-b8d6-48e4-99ae-0b6dd9d1d651/elements [39m[32m200[39m [90m26 ms - 139[39m
[35m[HTTP][39m [90m[39m
[35m[HTTP][39m [37m-->[39m [37mGET[39m [37m/wd/hub/session/f549691d-b8d6-48e4-99ae-0b6dd9d1d651/window/rect[39m
[35m[HTTP][39m [90m{}[39m
[35m[HTTP][39m [37m<-- GET /wd/hub/session/f549691d-b8d6-48e4-99ae-0b6dd9d1d651/window/rect [39m[32m200[39m [90m11 ms - 50[39m
[35m[HTTP][39m [90m[39m
[35m[HTTP][39m [37m-->[39m [37mPOST[39m [37m/wd/hub/session/f549691d-b8d6-48e4-99ae-0b6dd9d1d651/elements[39m
[35m[HTTP][39m [90m{"using":"accessibility id","value":"Log In"}[39m
[35m[HTTP][39m [37m<-- POST /wd/hub/session/f549691d-b8d6-48e4-99ae-0b6dd9d1d651/elements [39m[32m200[39m [90m29 ms - 139[39m
[35m[HTTP][39m [90m[39m
[35m[HTTP][39m [37m-->[39m [37mGET[39m [37m/wd/hub/session/f549691d-b8d6-48e4-99ae-0b6dd9d1d651/element/00000000-0000-0067-0000-001f00000003/location[39m
[35m[HTTP][39m [90m{}[39m
[35m[W3C (f549691d)][39m Driver proxy active, passing request on via HTTP proxy
[35m[WD Proxy][39m Replacing sessionId b3bc0a1b-c666-4da8-87d6-6e2d260db125 with f549691d-b8d6-48e4-99ae-0b6dd9d1d651
[35m[HTTP][39m [37m<-- GET /wd/hub/session/f549691d-b8d6-48e4-99ae-0b6dd9d1d651/element/00000000-0000-0067-0000-001f00000003/location [39m[32m200[39m [90m17 ms - 78[39m
[35m[HTTP][39m [90m[39m
[35m[HTTP][39m [37m-->[39m [37mPOST[39m [37m/wd/hub/session/f549691d-b8d6-48e4-99ae-0b6dd9d1d651/element/00000000-0000-0067-0000-001f00000003/click[39m
[35m[HTTP][39m [90m{"id":"00000000-0000-0067-0000-001f00000003"}[39m
[35m[HTTP][39m [37m<-- POST /wd/hub/session/f549691d-b8d6-48e4-99ae-0b6dd9d1d651/element/00000000-0000-0067-0000-001f00000003/click [39m[32m200[39m [90m48 ms - 14[39m
[35m[HTTP][39m [90m[39m
[35m[HTTP][39m [37m-->[39m [37mGET[39m [37m/wd/hub/session/f549691d-b8d6-48e4-99ae-0b6dd9d1d651/source[39m
[35m[HTTP][39m [90m{}[39m
[35m[W3C (f549691d)][39m Driver proxy active, passing request on via HTTP proxy
[35m[WD Proxy][39m Replacing sessionId b3bc0a1b-c666-4da8-87d6-6e2d260db125 with f549691d-b8d6-48e4-99ae-0b6dd9d1d651
[35m[HTTP][39m [37m<-- GET /wd/hub/session/f549691d-b8d6-48e4-99ae-0b6dd9d1d651/source [39m[32m200[39m [90m69 ms - 9149[39m
[35m[HTTP][39m [90m[39m
[35m[HTTP][39m [37m-->[39m [37mGET[39m [37m/wd/hub/session/f549691d-b8d6-48e4-99ae-0b6dd9d1d651/screenshot[39m
[35m[HTTP][39m [90m{}[39m
[35m[HTTP][39m [37m<-- GET /wd/hub/session/f549691d-b8d6-48e4-99ae-0b6dd9d1d651/screenshot [39m[32m200[39m [90m2497 ms - 3165770[39m
[35m[HTTP][39m [90m[39m
[35m[HTTP][39m [37m-->[39m [37mDELETE[39m [37m/wd/hub/session/f549691d-b8d6-48e4-99ae-0b6dd9d1d651[39m
[35m[HTTP][39m [90m{}[39m
[35m[Appium][39m Removing session f549691d-b8d6-48e4-99ae-0b6dd9d1d651 from our master session list
[35m[UiAutomator2][39m Restoring hidden api policy to the device default configuration
[35m[HTTP][39m [37m<-- DELETE /wd/hub/session/f549691d-b8d6-48e4-99ae-0b6dd9d1d651 [39m[32m200[39m [90m576 ms - 14[39m
[35m[HTTP][39m [90m[39m
